<?xml version="1.0" encoding="UTF-8"?>
<testng-results skipped="0" failed="0" ignored="0" total="2" passed="2">
  <reporter-output>
  </reporter-output>
  <suite name="TestSuite" duration-ms="37960" started-at="2018-10-30T09:31:02Z" finished-at="2018-10-30T09:31:40Z">
    <groups>
    </groups>
    <test name="AutoQA" duration-ms="37960" started-at="2018-10-30T09:31:02Z" finished-at="2018-10-30T09:31:40Z">
      <class name="SiebelTesting">
        <test-method status="PASS" signature="getStartPage()[pri:0, instance:SiebelTesting@66d2e7d9]" name="getStartPage" is-config="true" duration-ms="4623" started-at="2018-10-30T09:31:02Z" finished-at="2018-10-30T09:31:06Z">
          <reporter-output>
          </reporter-output>
        </test-method> <!-- getStartPage -->
        <test-method status="PASS" signature="login()[pri:0, instance:SiebelTesting@66d2e7d9]" name="login" duration-ms="8573" started-at="2018-10-30T09:31:06Z" finished-at="2018-10-30T09:31:15Z">
          <reporter-output>
          </reporter-output>
        </test-method> <!-- login -->
        <test-method status="PASS" signature="CloseDriver()[pri:0, instance:SiebelTesting@66d2e7d9]" name="CloseDriver" is-config="true" duration-ms="5675" started-at="2018-10-30T09:31:15Z" finished-at="2018-10-30T09:31:21Z">
          <reporter-output>
          </reporter-output>
        </test-method> <!-- CloseDriver -->
      </class> <!-- SiebelTesting -->
      <class name="SiebelTestingAction">
        <test-method status="PASS" signature="getStartPage()[pri:0, instance:SiebelTestingAction@1efbd816]" name="getStartPage" is-config="true" duration-ms="3384" started-at="2018-10-30T09:31:21Z" finished-at="2018-10-30T09:31:24Z">
          <reporter-output>
          </reporter-output>
        </test-method> <!-- getStartPage -->
        <test-method status="PASS" signature="testingAction()[pri:0, instance:SiebelTestingAction@1efbd816]" name="testingAction" duration-ms="9886" started-at="2018-10-30T09:31:24Z" finished-at="2018-10-30T09:31:34Z">
          <reporter-output>
          </reporter-output>
        </test-method> <!-- testingAction -->
        <test-method status="PASS" signature="CloseDriver()[pri:0, instance:SiebelTestingAction@1efbd816]" name="CloseDriver" is-config="true" duration-ms="5651" started-at="2018-10-30T09:31:34Z" finished-at="2018-10-30T09:31:40Z">
          <reporter-output>
          </reporter-output>
        </test-method> <!-- CloseDriver -->
      </class> <!-- SiebelTestingAction -->
    </test> <!-- AutoQA -->
  </suite> <!-- TestSuite -->
</testng-results>
